2026-04-08 20:29:35 | INFO | P5 | === RUN START ===
2026-04-08 20:29:35 | INFO | P5 | project=CINTEL
2026-04-08 20:29:35 | INFO | P5 | repo_dir=cintel-05-drift-detection
2026-04-08 20:29:35 | INFO | P5 | python=3.14.3
2026-04-08 20:29:35 | INFO | P5 | os=Windows 11
2026-04-08 20:29:35 | INFO | P5 | shell=powershell
2026-04-08 20:29:35 | INFO | P5 | cwd=.
2026-04-08 20:29:35 | INFO | P5 | github_actions=False
2026-04-08 20:29:35 | INFO | P5 | ========================
2026-04-08 20:29:35 | INFO | P5 | START main()
2026-04-08 20:29:35 | INFO | P5 | ========================
2026-04-08 20:29:35 | INFO | P5 | ROOT_DIR = .
2026-04-08 20:29:35 | INFO | P5 | REFERENCE_FILE = data\reference_metrics_case.csv
2026-04-08 20:29:35 | INFO | P5 | CURRENT_FILE = data\current_metrics_case.csv
2026-04-08 20:29:35 | INFO | P5 | OUTPUT_FILE = artifacts\drift_summary_case.csv
2026-04-08 20:29:35 | INFO | P5 | ARTIFACTS_DIR = artifacts
2026-04-08 20:29:35 | INFO | P5 | Loaded 10 reference records
2026-04-08 20:29:35 | INFO | P5 | Loaded 10 current records
2026-04-08 20:29:35 | INFO | P5 | Calculated summary differences and drift flags
2026-04-08 20:29:35 | INFO | P5 | Wrote drift summary file: C:\repos\cintel-05-drift-detection\artifacts\drift_summary_case.csv
2026-04-08 20:29:35 | INFO | P5 | Drift summary dataframe:
2026-04-08 20:29:35 | INFO | P5 | shape: (1, 12)
┌────────────────────────┬──────────────────────┬──────────────────────────┬──────────────────────┬───┬────────────────────────────┬───────────────────────────┬─────────────────────────┬──────────────────────────┐
│ reference_avg_requests ┆ reference_avg_errors ┆ reference_avg_latency_ms ┆ current_avg_requests ┆ … ┆ latency_mean_difference_ms ┆ requests_is_drifting_flag ┆ errors_is_drifting_flag ┆ latency_is_drifting_flag │
│ ---                    ┆ ---                  ┆ ---                      ┆ ---                  ┆   ┆ ---                        ┆ ---                       ┆ ---                     ┆ ---                      │
│ f64                    ┆ f64                  ┆ f64                      ┆ f64                  ┆   ┆ f64                        ┆ bool                      ┆ bool                    ┆ bool                     │
╞════════════════════════╪══════════════════════╪══════════════════════════╪══════════════════════╪═══╪════════════════════════════╪═══════════════════════════╪═════════════════════════╪══════════════════════════╡
│ 128.3                  ┆ 2.3                  ┆ 3835.0                   ┆ 164.5                ┆ … ┆ 1835.0                     ┆ true                      ┆ true                    ┆ true                     │
└────────────────────────┴──────────────────────┴──────────────────────────┴──────────────────────┴───┴────────────────────────────┴───────────────────────────┴─────────────────────────┴──────────────────────────┘
2026-04-08 20:29:35 | INFO | P5 | Let's make that a bit nicer to read...
2026-04-08 20:29:35 | INFO | P5 | All remaining steps are about creating a nicer display.
2026-04-08 20:29:35 | INFO | P5 | ========================
2026-04-08 20:29:35 | INFO | P5 | Drift Detection Process: 
2026-04-08 20:29:35 | INFO | P5 | ========================
2026-04-08 20:29:35 | INFO | P5 | 1. Summarize each period with means.
2026-04-08 20:29:35 | INFO | P5 | 2. Compute difference of means.
2026-04-08 20:29:35 | INFO | P5 | 3. Flag drift if absolute difference of means exceeds a threshold.
2026-04-08 20:29:35 | INFO | P5 | ========================
2026-04-08 20:29:35 | INFO | P5 | Drift summary (one field per line):
2026-04-08 20:29:35 | INFO | P5 | reference_avg_requests: 128.3
2026-04-08 20:29:35 | INFO | P5 | reference_avg_errors: 2.3
2026-04-08 20:29:35 | INFO | P5 | reference_avg_latency_ms: 3835.0
2026-04-08 20:29:35 | INFO | P5 | current_avg_requests: 164.5
2026-04-08 20:29:35 | INFO | P5 | current_avg_errors: 6.3
2026-04-08 20:29:35 | INFO | P5 | current_avg_latency_ms: 5670.0
2026-04-08 20:29:35 | INFO | P5 | requests_mean_difference: 36.2
2026-04-08 20:29:35 | INFO | P5 | errors_mean_difference: 4.0
2026-04-08 20:29:35 | INFO | P5 | latency_mean_difference_ms: 1835.0
2026-04-08 20:29:35 | INFO | P5 | requests_is_drifting_flag: True
2026-04-08 20:29:35 | INFO | P5 | errors_is_drifting_flag: True
2026-04-08 20:29:35 | INFO | P5 | latency_is_drifting_flag: True
2026-04-08 20:29:35 | INFO | P5 | Wrote long summary file: C:\repos\cintel-05-drift-detection\artifacts\drift_summary_long_case.csv
2026-04-08 20:29:35 | INFO | P5 | ========================
2026-04-08 20:29:35 | INFO | P5 | Pipeline executed successfully!
2026-04-08 20:29:35 | INFO | P5 | ========================
2026-04-08 20:29:35 | INFO | P5 | END main()
2026-04-12 20:44:48 | INFO | P5 | === RUN START ===
2026-04-12 20:44:48 | INFO | P5 | project=CINTEL
2026-04-12 20:44:48 | INFO | P5 | repo_dir=cintel-05-drift-detection
2026-04-12 20:44:48 | INFO | P5 | python=3.14.3
2026-04-12 20:44:48 | INFO | P5 | os=Windows 11
2026-04-12 20:44:48 | INFO | P5 | shell=powershell
2026-04-12 20:44:48 | INFO | P5 | cwd=.
2026-04-12 20:44:48 | INFO | P5 | github_actions=False
2026-04-12 20:44:48 | INFO | P5 | ========================
2026-04-12 20:44:48 | INFO | P5 | START main()
2026-04-12 20:44:48 | INFO | P5 | ========================
2026-04-12 20:44:48 | INFO | P5 | ROOT_DIR = .
2026-04-12 20:44:48 | INFO | P5 | REFERENCE_FILE = data\reference_metrics_case.csv
2026-04-12 20:44:48 | INFO | P5 | CURRENT_FILE = data\current_metrics_case.csv
2026-04-12 20:44:48 | INFO | P5 | OUTPUT_FILE = artifacts\drift_summary_Asher.csv
2026-04-12 20:44:48 | INFO | P5 | ARTIFACTS_DIR = artifacts
2026-04-12 20:44:48 | INFO | P5 | Loaded 10 reference records
2026-04-12 20:44:48 | INFO | P5 | Loaded 10 current records
2026-04-12 20:44:48 | INFO | P5 | Calculated summary differences and drift flags
2026-04-12 20:44:48 | INFO | P5 | Wrote drift summary file: C:\repos\cintel-05-drift-detection\artifacts\drift_summary_Asher.csv
2026-04-12 20:44:48 | INFO | P5 | Drift summary dataframe:
2026-04-12 20:44:48 | INFO | P5 | shape: (1, 12)
┌────────────────────────┬──────────────────────┬──────────────────────────┬──────────────────────┬───┬────────────────────────────┬───────────────────────────┬─────────────────────────┬──────────────────────────┐
│ reference_avg_requests ┆ reference_avg_errors ┆ reference_avg_latency_ms ┆ current_avg_requests ┆ … ┆ latency_mean_difference_ms ┆ requests_is_drifting_flag ┆ errors_is_drifting_flag ┆ latency_is_drifting_flag │
│ ---                    ┆ ---                  ┆ ---                      ┆ ---                  ┆   ┆ ---                        ┆ ---                       ┆ ---                     ┆ ---                      │
│ f64                    ┆ f64                  ┆ f64                      ┆ f64                  ┆   ┆ f64                        ┆ bool                      ┆ bool                    ┆ bool                     │
╞════════════════════════╪══════════════════════╪══════════════════════════╪══════════════════════╪═══╪════════════════════════════╪═══════════════════════════╪═════════════════════════╪══════════════════════════╡
│ 128.3                  ┆ 2.3                  ┆ 3835.0                   ┆ 164.5                ┆ … ┆ 1835.0                     ┆ false                     ┆ false                   ┆ false                    │
└────────────────────────┴──────────────────────┴──────────────────────────┴──────────────────────┴───┴────────────────────────────┴───────────────────────────┴─────────────────────────┴──────────────────────────┘
2026-04-12 20:44:48 | INFO | P5 | Let's make that a bit nicer to read...
2026-04-12 20:44:48 | INFO | P5 | All remaining steps are about creating a nicer display.
2026-04-12 20:44:48 | INFO | P5 | ========================
2026-04-12 20:44:48 | INFO | P5 | Drift Detection Process: 
2026-04-12 20:44:48 | INFO | P5 | ========================
2026-04-12 20:44:48 | INFO | P5 | 1. Summarize each period with means.
2026-04-12 20:44:48 | INFO | P5 | 2. Compute difference of means.
2026-04-12 20:44:48 | INFO | P5 | 3. Flag drift if absolute difference of means exceeds a threshold.
2026-04-12 20:44:48 | INFO | P5 | ========================
2026-04-12 20:44:48 | INFO | P5 | Drift summary (one field per line):
2026-04-12 20:44:48 | INFO | P5 | reference_avg_requests: 128.3
2026-04-12 20:44:48 | INFO | P5 | reference_avg_errors: 2.3
2026-04-12 20:44:48 | INFO | P5 | reference_avg_latency_ms: 3835.0
2026-04-12 20:44:48 | INFO | P5 | current_avg_requests: 164.5
2026-04-12 20:44:48 | INFO | P5 | current_avg_errors: 6.3
2026-04-12 20:44:48 | INFO | P5 | current_avg_latency_ms: 5670.0
2026-04-12 20:44:48 | INFO | P5 | requests_mean_difference: 36.2
2026-04-12 20:44:48 | INFO | P5 | errors_mean_difference: 4.0
2026-04-12 20:44:48 | INFO | P5 | latency_mean_difference_ms: 1835.0
2026-04-12 20:44:48 | INFO | P5 | requests_is_drifting_flag: False
2026-04-12 20:44:48 | INFO | P5 | errors_is_drifting_flag: False
2026-04-12 20:44:48 | INFO | P5 | latency_is_drifting_flag: False
2026-04-12 20:44:48 | INFO | P5 | Wrote long summary file: C:\repos\cintel-05-drift-detection\artifacts\drift_summary_long_Asher.csv
2026-04-12 20:44:48 | INFO | P5 | ========================
2026-04-12 20:44:48 | INFO | P5 | Pipeline executed successfully!
2026-04-12 20:44:48 | INFO | P5 | ========================
2026-04-12 20:44:48 | INFO | P5 | END main()
2026-04-12 21:15:05 | INFO | P5 | === RUN START ===
2026-04-12 21:15:05 | INFO | P5 | project=CINTEL
2026-04-12 21:15:05 | INFO | P5 | repo_dir=cintel-05-drift-detection
2026-04-12 21:15:05 | INFO | P5 | python=3.14.3
2026-04-12 21:15:05 | INFO | P5 | os=Windows 11
2026-04-12 21:15:05 | INFO | P5 | shell=powershell
2026-04-12 21:15:05 | INFO | P5 | cwd=.
2026-04-12 21:15:05 | INFO | P5 | github_actions=False
2026-04-12 21:15:05 | INFO | P5 | ========================
2026-04-12 21:15:05 | INFO | P5 | START main()
2026-04-12 21:15:05 | INFO | P5 | ========================
2026-04-12 21:15:05 | INFO | P5 | ROOT_DIR = .
2026-04-12 21:15:05 | INFO | P5 | REFERENCE_FILE = data\reference_metrics_Asher.csv
2026-04-12 21:15:05 | INFO | P5 | CURRENT_FILE = data\current_metrics_Asher.csv
2026-04-12 21:15:05 | INFO | P5 | OUTPUT_FILE = artifacts\drift_summary_Asher.csv
2026-04-12 21:15:05 | INFO | P5 | ARTIFACTS_DIR = artifacts
2026-04-12 21:15:05 | INFO | P5 | Loaded 22 reference records
2026-04-12 21:15:05 | INFO | P5 | Loaded 22 current records
2026-04-12 21:15:05 | INFO | P5 | Calculated summary differences and drift flags
2026-04-12 21:15:05 | INFO | P5 | Wrote drift summary file: C:\repos\cintel-05-drift-detection\artifacts\drift_summary_Asher.csv
2026-04-12 21:15:05 | INFO | P5 | Drift summary dataframe:
2026-04-12 21:15:05 | INFO | P5 | shape: (1, 12)
┌────────────────────────┬──────────────────────┬──────────────────────────┬──────────────────────┬───┬────────────────────────────┬───────────────────────────┬─────────────────────────┬──────────────────────────┐
│ reference_avg_requests ┆ reference_avg_errors ┆ reference_avg_latency_ms ┆ current_avg_requests ┆ … ┆ latency_mean_difference_ms ┆ requests_is_drifting_flag ┆ errors_is_drifting_flag ┆ latency_is_drifting_flag │
│ ---                    ┆ ---                  ┆ ---                      ┆ ---                  ┆   ┆ ---                        ┆ ---                       ┆ ---                     ┆ ---                      │
│ f64                    ┆ f64                  ┆ f64                      ┆ f64                  ┆   ┆ f64                        ┆ bool                      ┆ bool                    ┆ bool                     │
╞════════════════════════╪══════════════════════╪══════════════════════════╪══════════════════════╪═══╪════════════════════════════╪═══════════════════════════╪═════════════════════════╪══════════════════════════╡
│ 134.5                  ┆ 3.090909             ┆ 4087.272727              ┆ 176.363636           ┆ … ┆ 2444.55                    ┆ true                      ┆ true                    ┆ false                    │
└────────────────────────┴──────────────────────┴──────────────────────────┴──────────────────────┴───┴────────────────────────────┴───────────────────────────┴─────────────────────────┴──────────────────────────┘
2026-04-12 21:15:05 | INFO | P5 | Let's make that a bit nicer to read...
2026-04-12 21:15:05 | INFO | P5 | All remaining steps are about creating a nicer display.
2026-04-12 21:15:05 | INFO | P5 | ========================
2026-04-12 21:15:05 | INFO | P5 | Drift Detection Process: 
2026-04-12 21:15:05 | INFO | P5 | ========================
2026-04-12 21:15:05 | INFO | P5 | 1. Summarize each period with means.
2026-04-12 21:15:05 | INFO | P5 | 2. Compute difference of means.
2026-04-12 21:15:05 | INFO | P5 | 3. Flag drift if absolute difference of means exceeds a threshold.
2026-04-12 21:15:05 | INFO | P5 | ========================
2026-04-12 21:15:05 | INFO | P5 | Drift summary (one field per line):
2026-04-12 21:15:05 | INFO | P5 | reference_avg_requests: 134.5
2026-04-12 21:15:05 | INFO | P5 | reference_avg_errors: 3.090909090909091
2026-04-12 21:15:05 | INFO | P5 | reference_avg_latency_ms: 4087.2727272727275
2026-04-12 21:15:05 | INFO | P5 | current_avg_requests: 176.36363636363637
2026-04-12 21:15:05 | INFO | P5 | current_avg_errors: 8.863636363636363
2026-04-12 21:15:05 | INFO | P5 | current_avg_latency_ms: 6531.818181818182
2026-04-12 21:15:05 | INFO | P5 | requests_mean_difference: 41.86
2026-04-12 21:15:05 | INFO | P5 | errors_mean_difference: 5.77
2026-04-12 21:15:05 | INFO | P5 | latency_mean_difference_ms: 2444.55
2026-04-12 21:15:05 | INFO | P5 | requests_is_drifting_flag: True
2026-04-12 21:15:05 | INFO | P5 | errors_is_drifting_flag: True
2026-04-12 21:15:05 | INFO | P5 | latency_is_drifting_flag: False
2026-04-12 21:15:05 | INFO | P5 | Wrote long summary file: C:\repos\cintel-05-drift-detection\artifacts\drift_summary_long_Asher.csv
2026-04-12 21:15:05 | INFO | P5 | ========================
2026-04-12 21:15:05 | INFO | P5 | Pipeline executed successfully!
2026-04-12 21:15:05 | INFO | P5 | ========================
2026-04-12 21:15:05 | INFO | P5 | END main()
2026-04-12 21:15:56 | INFO | P5 | === RUN START ===
2026-04-12 21:15:56 | INFO | P5 | project=CINTEL
2026-04-12 21:15:56 | INFO | P5 | repo_dir=cintel-05-drift-detection
2026-04-12 21:15:56 | INFO | P5 | python=3.14.3
2026-04-12 21:15:56 | INFO | P5 | os=Windows 11
2026-04-12 21:15:56 | INFO | P5 | shell=powershell
2026-04-12 21:15:56 | INFO | P5 | cwd=.
2026-04-12 21:15:56 | INFO | P5 | github_actions=False
2026-04-12 21:15:56 | INFO | P5 | ========================
2026-04-12 21:15:56 | INFO | P5 | START main()
2026-04-12 21:15:56 | INFO | P5 | ========================
2026-04-12 21:15:56 | INFO | P5 | ROOT_DIR = .
2026-04-12 21:15:56 | INFO | P5 | REFERENCE_FILE = data\reference_metrics_Asher.csv
2026-04-12 21:15:56 | INFO | P5 | CURRENT_FILE = data\current_metrics_Asher.csv
2026-04-12 21:15:56 | INFO | P5 | OUTPUT_FILE = artifacts\drift_summary_Asher_custom.csv
2026-04-12 21:15:56 | INFO | P5 | ARTIFACTS_DIR = artifacts
2026-04-12 21:15:56 | INFO | P5 | Loaded 22 reference records
2026-04-12 21:15:56 | INFO | P5 | Loaded 22 current records
2026-04-12 21:15:56 | INFO | P5 | Calculated summary differences and drift flags
2026-04-12 21:15:56 | INFO | P5 | Wrote drift summary file: C:\repos\cintel-05-drift-detection\artifacts\drift_summary_Asher_custom.csv
2026-04-12 21:15:56 | INFO | P5 | Drift summary dataframe:
2026-04-12 21:15:56 | INFO | P5 | shape: (1, 12)
┌────────────────────────┬──────────────────────┬──────────────────────────┬──────────────────────┬───┬────────────────────────────┬───────────────────────────┬─────────────────────────┬──────────────────────────┐
│ reference_avg_requests ┆ reference_avg_errors ┆ reference_avg_latency_ms ┆ current_avg_requests ┆ … ┆ latency_mean_difference_ms ┆ requests_is_drifting_flag ┆ errors_is_drifting_flag ┆ latency_is_drifting_flag │
│ ---                    ┆ ---                  ┆ ---                      ┆ ---                  ┆   ┆ ---                        ┆ ---                       ┆ ---                     ┆ ---                      │
│ f64                    ┆ f64                  ┆ f64                      ┆ f64                  ┆   ┆ f64                        ┆ bool                      ┆ bool                    ┆ bool                     │
╞════════════════════════╪══════════════════════╪══════════════════════════╪══════════════════════╪═══╪════════════════════════════╪═══════════════════════════╪═════════════════════════╪══════════════════════════╡
│ 134.5                  ┆ 3.090909             ┆ 4087.272727              ┆ 176.363636           ┆ … ┆ 2444.55                    ┆ true                      ┆ true                    ┆ false                    │
└────────────────────────┴──────────────────────┴──────────────────────────┴──────────────────────┴───┴────────────────────────────┴───────────────────────────┴─────────────────────────┴──────────────────────────┘
2026-04-12 21:15:56 | INFO | P5 | Let's make that a bit nicer to read...
2026-04-12 21:15:56 | INFO | P5 | All remaining steps are about creating a nicer display.
2026-04-12 21:15:56 | INFO | P5 | ========================
2026-04-12 21:15:56 | INFO | P5 | Drift Detection Process: 
2026-04-12 21:15:56 | INFO | P5 | ========================
2026-04-12 21:15:56 | INFO | P5 | 1. Summarize each period with means.
2026-04-12 21:15:56 | INFO | P5 | 2. Compute difference of means.
2026-04-12 21:15:56 | INFO | P5 | 3. Flag drift if absolute difference of means exceeds a threshold.
2026-04-12 21:15:56 | INFO | P5 | ========================
2026-04-12 21:15:56 | INFO | P5 | Drift summary (one field per line):
2026-04-12 21:15:56 | INFO | P5 | reference_avg_requests: 134.5
2026-04-12 21:15:56 | INFO | P5 | reference_avg_errors: 3.090909090909091
2026-04-12 21:15:56 | INFO | P5 | reference_avg_latency_ms: 4087.2727272727275
2026-04-12 21:15:56 | INFO | P5 | current_avg_requests: 176.36363636363637
2026-04-12 21:15:56 | INFO | P5 | current_avg_errors: 8.863636363636363
2026-04-12 21:15:56 | INFO | P5 | current_avg_latency_ms: 6531.818181818182
2026-04-12 21:15:56 | INFO | P5 | requests_mean_difference: 41.86
2026-04-12 21:15:56 | INFO | P5 | errors_mean_difference: 5.77
2026-04-12 21:15:56 | INFO | P5 | latency_mean_difference_ms: 2444.55
2026-04-12 21:15:56 | INFO | P5 | requests_is_drifting_flag: True
2026-04-12 21:15:56 | INFO | P5 | errors_is_drifting_flag: True
2026-04-12 21:15:56 | INFO | P5 | latency_is_drifting_flag: False
2026-04-12 21:15:56 | INFO | P5 | Wrote long summary file: C:\repos\cintel-05-drift-detection\artifacts\drift_summary_long_Asher_custom.csv
2026-04-12 21:15:56 | INFO | P5 | ========================
2026-04-12 21:15:56 | INFO | P5 | Pipeline executed successfully!
2026-04-12 21:15:56 | INFO | P5 | ========================
2026-04-12 21:15:56 | INFO | P5 | END main()
2026-04-12 21:16:11 | INFO | P5 | === RUN START ===
2026-04-12 21:16:11 | INFO | P5 | project=CINTEL
2026-04-12 21:16:11 | INFO | P5 | repo_dir=cintel-05-drift-detection
2026-04-12 21:16:11 | INFO | P5 | python=3.14.3
2026-04-12 21:16:11 | INFO | P5 | os=Windows 11
2026-04-12 21:16:11 | INFO | P5 | shell=powershell
2026-04-12 21:16:11 | INFO | P5 | cwd=.
2026-04-12 21:16:11 | INFO | P5 | github_actions=False
2026-04-12 21:16:11 | INFO | P5 | ========================
2026-04-12 21:16:11 | INFO | P5 | START main()
2026-04-12 21:16:11 | INFO | P5 | ========================
2026-04-12 21:16:11 | INFO | P5 | ROOT_DIR = .
2026-04-12 21:16:11 | INFO | P5 | REFERENCE_FILE = data\reference_metrics_case.csv
2026-04-12 21:16:11 | INFO | P5 | CURRENT_FILE = data\current_metrics_case.csv
2026-04-12 21:16:11 | INFO | P5 | OUTPUT_FILE = artifacts\drift_summary_Asher.csv
2026-04-12 21:16:11 | INFO | P5 | ARTIFACTS_DIR = artifacts
2026-04-12 21:16:11 | INFO | P5 | Loaded 10 reference records
2026-04-12 21:16:11 | INFO | P5 | Loaded 10 current records
2026-04-12 21:16:11 | INFO | P5 | Calculated summary differences and drift flags
2026-04-12 21:16:11 | INFO | P5 | Wrote drift summary file: C:\repos\cintel-05-drift-detection\artifacts\drift_summary_Asher.csv
2026-04-12 21:16:11 | INFO | P5 | Drift summary dataframe:
2026-04-12 21:16:11 | INFO | P5 | shape: (1, 12)
┌────────────────────────┬──────────────────────┬──────────────────────────┬──────────────────────┬───┬────────────────────────────┬───────────────────────────┬─────────────────────────┬──────────────────────────┐
│ reference_avg_requests ┆ reference_avg_errors ┆ reference_avg_latency_ms ┆ current_avg_requests ┆ … ┆ latency_mean_difference_ms ┆ requests_is_drifting_flag ┆ errors_is_drifting_flag ┆ latency_is_drifting_flag │
│ ---                    ┆ ---                  ┆ ---                      ┆ ---                  ┆   ┆ ---                        ┆ ---                       ┆ ---                     ┆ ---                      │
│ f64                    ┆ f64                  ┆ f64                      ┆ f64                  ┆   ┆ f64                        ┆ bool                      ┆ bool                    ┆ bool                     │
╞════════════════════════╪══════════════════════╪══════════════════════════╪══════════════════════╪═══╪════════════════════════════╪═══════════════════════════╪═════════════════════════╪══════════════════════════╡
│ 128.3                  ┆ 2.3                  ┆ 3835.0                   ┆ 164.5                ┆ … ┆ 1835.0                     ┆ false                     ┆ false                   ┆ false                    │
└────────────────────────┴──────────────────────┴──────────────────────────┴──────────────────────┴───┴────────────────────────────┴───────────────────────────┴─────────────────────────┴──────────────────────────┘
2026-04-12 21:16:11 | INFO | P5 | Let's make that a bit nicer to read...
2026-04-12 21:16:11 | INFO | P5 | All remaining steps are about creating a nicer display.
2026-04-12 21:16:11 | INFO | P5 | ========================
2026-04-12 21:16:11 | INFO | P5 | Drift Detection Process: 
2026-04-12 21:16:11 | INFO | P5 | ========================
2026-04-12 21:16:11 | INFO | P5 | 1. Summarize each period with means.
2026-04-12 21:16:11 | INFO | P5 | 2. Compute difference of means.
2026-04-12 21:16:11 | INFO | P5 | 3. Flag drift if absolute difference of means exceeds a threshold.
2026-04-12 21:16:11 | INFO | P5 | ========================
2026-04-12 21:16:11 | INFO | P5 | Drift summary (one field per line):
2026-04-12 21:16:11 | INFO | P5 | reference_avg_requests: 128.3
2026-04-12 21:16:11 | INFO | P5 | reference_avg_errors: 2.3
2026-04-12 21:16:11 | INFO | P5 | reference_avg_latency_ms: 3835.0
2026-04-12 21:16:11 | INFO | P5 | current_avg_requests: 164.5
2026-04-12 21:16:11 | INFO | P5 | current_avg_errors: 6.3
2026-04-12 21:16:11 | INFO | P5 | current_avg_latency_ms: 5670.0
2026-04-12 21:16:11 | INFO | P5 | requests_mean_difference: 36.2
2026-04-12 21:16:11 | INFO | P5 | errors_mean_difference: 4.0
2026-04-12 21:16:11 | INFO | P5 | latency_mean_difference_ms: 1835.0
2026-04-12 21:16:11 | INFO | P5 | requests_is_drifting_flag: False
2026-04-12 21:16:11 | INFO | P5 | errors_is_drifting_flag: False
2026-04-12 21:16:11 | INFO | P5 | latency_is_drifting_flag: False
2026-04-12 21:16:11 | INFO | P5 | Wrote long summary file: C:\repos\cintel-05-drift-detection\artifacts\drift_summary_long_Asher.csv
2026-04-12 21:16:11 | INFO | P5 | ========================
2026-04-12 21:16:11 | INFO | P5 | Pipeline executed successfully!
2026-04-12 21:16:11 | INFO | P5 | ========================
2026-04-12 21:16:11 | INFO | P5 | END main()
